-------------------------------------------------------------------------------
Test set: hello.ApplicationTests
-------------------------------------------------------------------------------
Tests run: 5, Failures: 1, Errors: 0, Skipped: 0, Time elapsed: 7.613 s <<< FAILURE! - in hello.ApplicationTests
loginWithValidUserThenAuthenticated(hello.ApplicationTests)  Time elapsed: 0.052 s  <<< FAILURE!
java.lang.AssertionError: Authentication should not be null
	at hello.ApplicationTests.loginWithValidUserThenAuthenticated(ApplicationTests.java:34)

