<?xml version="1.0" encoding="UTF-8"?>
<testsuite xmlns:xsi="http://www.w3.org/2001/XMLSchema-instance" xsi:noNamespaceSchemaLocation="https://maven.apache.org/surefire/maven-surefire-plugin/xsd/surefire-test-report.xsd" name="hello.ApplicationTests" time="7.613" tests="5" errors="0" skipped="0" failures="1">
  <properties>
[...]
</properties>
  <testcase name="accessUnsecuredResourceThenOk" classname="hello.ApplicationTests" time="0.711"/>
  <testcase name="accessSecuredResourceUnauthenticatedThenRedirectsToLogin" classname="hello.ApplicationTests" time="0.014"/>
  <testcase name="loginWithInvalidUserThenUnauthenticated" classname="hello.ApplicationTests" time="0.012"/>
  <testcase name="loginWithValidUserThenAuthenticated" classname="hello.ApplicationTests" time="0.052">
    <failure message="Authentication should not be null" type="java.lang.AssertionError">java.lang.AssertionError: Authentication should not be null
	at hello.ApplicationTests.loginWithValidUserThenAuthenticated(ApplicationTests.java:34)
</failure>
    <system-out><![CDATA[
MockHttpServletRequest:
      HTTP Method = GET
      Request URI = /
       Parameters = {}
          Headers = []
             Body = null
    Session Attrs = {}

Handler:
             Type = org.springframework.web.servlet.mvc.ParameterizableViewController

Async:
    Async started = false
     Async result = null

Resolved Exception:
             Type = null

ModelAndView:
        View name = home
             View = null
            Model = null

FlashMap:
       Attributes = null

MockHttpServletResponse:
           Status = 200
    Error message = null
          Headers = [Content-Language:"en", Content-Type:"text/html;charset=UTF-8", X-Content-Type-Options:"nosniff", X-XSS-Protection:"1; mode=block", Cache-Control:"no-cache, no-store, max-age=0, must-revalidate", Pragma:"no-cache", Expires:"0", X-Frame-Options:"DENY"]
     Content type = text/html;charset=UTF-8
             Body = <!DOCTYPE html>
<html xmlns="http://www.w3.org/1999/xhtml" xmlns:sec="https://www.thymeleaf.org/thymeleaf-extras-springsecurity3">
    <head>
        <title>Spring Security Example</title>
    </head>
    <body>
        <h1>Welcome!</h1>
        
        <p>Click <a href="/hello">here</a> to see a greeting.</p>
    </body>
</html>
    Forwarded URL = null
   Redirected URL = null
          Cookies = []

MockHttpServletRequest:
      HTTP Method = GET
      Request URI = /hello
       Parameters = {}
          Headers = []
             Body = null
    Session Attrs = {SPRING_SECURITY_SAVED_REQUEST=DefaultSavedRequest[http://localhost/hello]}

Handler:
             Type = null

Async:
    Async started = false
     Async result = null

Resolved Exception:
             Type = null

ModelAndView:
        View name = null
             View = null
            Model = null

FlashMap:
       Attributes = null

MockHttpServletResponse:
           Status = 302
    Error message = null
          Headers = [X-Content-Type-Options:"nosniff", X-XSS-Protection:"1; mode=block", Cache-Control:"no-cache, no-store, max-age=0, must-revalidate", Pragma:"no-cache", Expires:"0", X-Frame-Options:"DENY", Location:"http://localhost/login"]
     Content type = null
             Body = 
    Forwarded URL = null
   Redirected URL = http://localhost/login
          Cookies = []

MockHttpServletRequest:
      HTTP Method = POST
      Request URI = /login
       Parameters = {username=[invalid], password=[invalidpassword], _csrf=[c8fb4b00-26b6-4fc9-b803-6fdf6a4eee3c]}
          Headers = [Accept:"application/x-www-form-urlencoded"]
             Body = null
    Session Attrs = {SPRING_SECURITY_LAST_EXCEPTION=org.springframework.security.authentication.ProviderNotFoundException: No AuthenticationProvider found for org.springframework.security.authentication.UsernamePasswordAuthenticationToken}

Handler:
             Type = null

Async:
    Async started = false
     Async result = null

Resolved Exception:
             Type = null

ModelAndView:
        View name = null
             View = null
            Model = null

FlashMap:
       Attributes = null

MockHttpServletResponse:
           Status = 302
    Error message = null
          Headers = [X-Content-Type-Options:"nosniff", X-XSS-Protection:"1; mode=block", Cache-Control:"no-cache, no-store, max-age=0, must-revalidate", Pragma:"no-cache", Expires:"0", X-Frame-Options:"DENY", Location:"/login?error"]
     Content type = null
             Body = 
    Forwarded URL = null
   Redirected URL = /login?error
          Cookies = []

MockHttpServletRequest:
      HTTP Method = POST
      Request URI = /login
       Parameters = {username=[user], password=[password], _csrf=[42e188f3-4b6a-45ba-86ba-717ef3d9fdab]}
          Headers = [Accept:"application/x-www-form-urlencoded"]
             Body = null
    Session Attrs = {SPRING_SECURITY_LAST_EXCEPTION=org.springframework.security.authentication.ProviderNotFoundException: No AuthenticationProvider found for org.springframework.security.authentication.UsernamePasswordAuthenticationToken}

Handler:
             Type = null

Async:
    Async started = false
     Async result = null

Resolved Exception:
             Type = null

ModelAndView:
        View name = null
             View = null
            Model = null

FlashMap:
       Attributes = null

MockHttpServletResponse:
           Status = 302
    Error message = null
          Headers = [X-Content-Type-Options:"nosniff", X-XSS-Protection:"1; mode=block", Cache-Control:"no-cache, no-store, max-age=0, must-revalidate", Pragma:"no-cache", Expires:"0", X-Frame-Options:"DENY", Location:"/login?error"]
     Content type = null
             Body = 
    Forwarded URL = null
   Redirected URL = /login?error
          Cookies = []
]]></system-out>
  </testcase>
  <testcase name="accessSecuredResourceAuthenticatedThenOk" classname="hello.ApplicationTests" time="0.032"/>
</testsuite>