<?xml version="1.0" encoding="UTF-8"?>
<testsuite xmlns:xsi="http://www.w3.org/2001/XMLSchema-instance" xsi:noNamespaceSchemaLocation="https://maven.apache.org/surefire/maven-surefire-plugin/xsd/surefire-test-report.xsd" name="hello.ApplicationTests" time="8.888" tests="5" errors="0" skipped="0" failures="0">
  <properties>
[...]
</properties>
  <testcase name="accessUnsecuredResourceThenOk" classname="hello.ApplicationTests" time="1.149"/>
  <testcase name="accessSecuredResourceUnauthenticatedThenRedirectsToLogin" classname="hello.ApplicationTests" time="0.014"/>
  <testcase name="loginWithInvalidUserThenUnauthenticated" classname="hello.ApplicationTests" time="0.249"/>
  <testcase name="loginWithValidUserThenAuthenticated" classname="hello.ApplicationTests" time="0.118"/>
  <testcase name="accessSecuredResourceAuthenticatedThenOk" classname="hello.ApplicationTests" time="0.04"/>
</testsuite>